0 info it worked if it ends with ok
1 verbose cli [ '/usr/bin/nodejs', '/usr/bin/npm', 'install', '--save', 'os' ]
2 info using npm@1.3.10
3 info using node@v0.10.25
4 verbose readDependencies using package.json deps
5 verbose cache add [ 'os', null ]
6 verbose cache add name=undefined spec="os" args=["os",null]
7 verbose parsed url { protocol: null,
7 verbose parsed url   slashes: null,
7 verbose parsed url   auth: null,
7 verbose parsed url   host: null,
7 verbose parsed url   port: null,
7 verbose parsed url   hostname: null,
7 verbose parsed url   hash: null,
7 verbose parsed url   search: null,
7 verbose parsed url   query: null,
7 verbose parsed url   pathname: 'os',
7 verbose parsed url   path: 'os',
7 verbose parsed url   href: 'os' }
8 silly lockFile 999a3419-os os
9 verbose lock os /home/chris/.npm/999a3419-os.lock
10 silly lockFile 999a3419-os os
11 silly lockFile 999a3419-os os
12 verbose addNamed [ 'os', '' ]
13 verbose addNamed [ null, '*' ]
14 silly lockFile 46c56d42-os os@
15 verbose lock os@ /home/chris/.npm/46c56d42-os.lock
16 silly addNameRange { name: 'os', range: '*', hasData: false }
17 verbose url raw os
18 verbose url resolving [ 'https://registry.npmjs.org/', './os' ]
19 verbose url resolved https://registry.npmjs.org/os
20 info trying registry request attempt 1 at 09:49:31
21 http GET https://registry.npmjs.org/os
22 http 404 https://registry.npmjs.org/os
23 silly registry.get cb [ 404,
23 silly registry.get   { date: 'Tue, 30 Dec 2014 17:49:32 GMT',
23 silly registry.get     server: 'CouchDB/1.5.0 (Erlang OTP/R16B03)',
23 silly registry.get     'content-type': 'application/json',
23 silly registry.get     'cache-control': 'max-age=0',
23 silly registry.get     'content-length': '52',
23 silly registry.get     'accept-ranges': 'bytes',
23 silly registry.get     via: '1.1 varnish',
23 silly registry.get     age: '0',
23 silly registry.get     'x-served-by': 'cache-ams4133-AMS',
23 silly registry.get     'x-cache': 'MISS',
23 silly registry.get     'x-cache-hits': '0',
23 silly registry.get     'x-timer': 'S1419961771.982312,VS0,VE673',
23 silly registry.get     'keep-alive': 'timeout=10, max=50',
23 silly registry.get     connection: 'Keep-Alive' } ]
24 silly lockFile 46c56d42-os os@
25 silly lockFile 46c56d42-os os@
26 error 404 'os' is not in the npm registry.
26 error 404 You should bug the author to publish it
26 error 404
26 error 404 Note that you can also install from a
26 error 404 tarball, folder, or http url, or git url.
27 error System Linux 3.13.0-32-generic
28 error command "/usr/bin/nodejs" "/usr/bin/npm" "install" "--save" "os"
29 error cwd /home/chris/demoApp
30 error node -v v0.10.25
31 error npm -v 1.3.10
32 error code E404
33 verbose exit [ 1, true ]
